<?xml version="1.0" encoding="UTF-8"?>
<testsuite xmlns:xsi="http://www.w3.org/2001/XMLSchema-instance" xsi:noNamespaceSchemaLocation="https://maven.apache.org/surefire/maven-surefire-plugin/xsd/surefire-test-report-3.0.xsd" version="3.0" name="com.p2p.LoanServiceTest" time="0.523" tests="7" errors="0" skipped="0" failures="0">
  <properties>
[...]
</properties>
  <testcase name="shouldRejectLoanWhenAmountIsNegative" classname="com.p2p.LoanServiceTest" time="0.016">
    <system-out><![CDATA[00:58:52 [INFO ] LoanServiceTest - ====== TC-02b: shouldRejectLoanWhenAmountIsNegative ======
00:58:52 [DEBUG] LoanServiceTest - [ARRANGE] Borrower valid (verified=true, creditScore=700)
00:58:52 [DEBUG] LoanServiceTest - [ARRANGE] Amount: -500 (negatif, tidak valid)
00:58:52 [DEBUG] LoanServiceTest - [ACT] Mengajukan loan dengan amount negatif
00:58:52 [WARN ] LoanServiceTest - [ASSERT] Exception ditangkap: Jumlah pinjaman harus lebih dari 0
00:58:52 [INFO ] LoanServiceTest - [RESULT] TC-02b PASSED - Sistem berhasil menolak loan karena jumlah pinjaman bernilai negatif
]]></system-out>
  </testcase>
  <testcase name="shouldRejectLoanWhenCreditScoreLow" classname="com.p2p.LoanServiceTest" time="0.004">
    <system-out><![CDATA[00:58:52 [INFO ] LoanServiceTest - ====== TC-04: shouldRejectLoanWhenCreditScoreLow ======
00:58:52 [DEBUG] LoanServiceTest - [ARRANGE] Borrower verified, credit score rendah: 400
00:58:52 [DEBUG] LoanServiceTest - [ARRANGE] Amount pinjaman: 5000
00:58:52 [DEBUG] LoanServiceTest - [ACT] Mengajukan loan
00:58:52 [DEBUG] LoanServiceTest - [ACT] Loan diproses, status: REJECTED
00:58:52 [DEBUG] LoanServiceTest - [ASSERT] Memverifikasi status loan sama dengan REJECTED
00:58:52 [INFO ] LoanServiceTest - [RESULT] TC-04 PASSED - Sistem berhasil menolak loan karena credit score 400 berada di bawah threshold
]]></system-out>
  </testcase>
  <testcase name="shouldRejectLoanWhenAmountIsZero" classname="com.p2p.LoanServiceTest" time="0.002">
    <system-out><![CDATA[00:58:52 [INFO ] LoanServiceTest - ====== TC-02a: shouldRejectLoanWhenAmountIsZero ======
00:58:52 [DEBUG] LoanServiceTest - [ARRANGE] Borrower valid (verified=true, creditScore=700)
00:58:52 [DEBUG] LoanServiceTest - [ARRANGE] Amount: 0 (tidak valid)
00:58:52 [DEBUG] LoanServiceTest - [ACT] Mengajukan loan dengan amount = 0
00:58:52 [WARN ] LoanServiceTest - [ASSERT] Exception ditangkap: Jumlah pinjaman harus lebih dari 0
00:58:52 [INFO ] LoanServiceTest - [RESULT] TC-02a PASSED - Sistem berhasil menolak loan karena jumlah pinjaman bernilai nol
]]></system-out>
  </testcase>
  <testcase name="shouldApproveLoanWhenCreditScoreHigh" classname="com.p2p.LoanServiceTest" time="0.002">
    <system-out><![CDATA[00:58:52 [INFO ] LoanServiceTest - ====== TC-03: shouldApproveLoanWhenCreditScoreHigh ======
00:58:52 [DEBUG] LoanServiceTest - [ARRANGE] Borrower valid, credit score: 700
00:58:52 [DEBUG] LoanServiceTest - [ARRANGE] Amount pinjaman: 5000
00:58:52 [DEBUG] LoanServiceTest - [ACT] Mengajukan loan
00:58:52 [DEBUG] LoanServiceTest - [ACT] Loan diproses, status: APPROVED
00:58:52 [DEBUG] LoanServiceTest - [ASSERT] Memverifikasi status loan sama dengan APPROVED
00:58:52 [INFO ] LoanServiceTest - [RESULT] TC-03 PASSED - Sistem berhasil menyetujui loan dengan credit score 700 yang memenuhi threshold
]]></system-out>
  </testcase>
  <testcase name="shouldApproveLoanWhenCreditScoreExactlyAtThreshold" classname="com.p2p.LoanServiceTest" time="0.003">
    <system-out><![CDATA[00:58:52 [INFO ] LoanServiceTest - ====== TC-03 Edge Case: credit score tepat di threshold (600) ======
00:58:52 [DEBUG] LoanServiceTest - [ARRANGE] Borrower dengan credit score tepat threshold: 600
00:58:52 [DEBUG] LoanServiceTest - [ARRANGE] Amount pinjaman: 3000
00:58:52 [DEBUG] LoanServiceTest - [ACT] Mengajukan loan
00:58:52 [DEBUG] LoanServiceTest - [ACT] Loan diproses, status: APPROVED
00:58:52 [INFO ] LoanServiceTest - [RESULT] TC-03 Edge Case PASSED - Sistem berhasil menyetujui loan dengan credit score tepat pada nilai threshold 600
]]></system-out>
  </testcase>
  <testcase name="shouldRejectLoanWhenCreditScoreJustBelowThreshold" classname="com.p2p.LoanServiceTest" time="0.003">
    <system-out><![CDATA[00:58:52 [INFO ] LoanServiceTest - ====== TC-04 Edge Case: credit score tepat 1 di bawah threshold (599) ======
00:58:52 [DEBUG] LoanServiceTest - [ARRANGE] Borrower dengan credit score: 599
00:58:52 [DEBUG] LoanServiceTest - [ARRANGE] Amount pinjaman: 3000
00:58:52 [DEBUG] LoanServiceTest - [ACT] Mengajukan loan
00:58:52 [DEBUG] LoanServiceTest - [ACT] Loan diproses, status: REJECTED
00:58:52 [INFO ] LoanServiceTest - [RESULT] TC-04 Edge Case PASSED - Sistem berhasil menolak loan karena credit score 599 berada tepat di bawah nilai threshold
]]></system-out>
  </testcase>
  <testcase name="shouldRejectLoanWhenBorrowerNotVerified" classname="com.p2p.LoanServiceTest" time="0.003">
    <system-out><![CDATA[00:58:52 [INFO ] LoanServiceTest - ====== TC-01: shouldRejectLoanWhenBorrowerNotVerified ======
00:58:52 [DEBUG] LoanServiceTest - [ARRANGE] Membuat borrower belum KYC (verified=false, creditScore=700)
00:58:52 [DEBUG] LoanServiceTest - [ARRANGE] Amount pinjaman: 1000
00:58:52 [DEBUG] LoanServiceTest - [ACT] Borrower mencoba mengajukan loan
00:58:52 [WARN ] LoanServiceTest - [ASSERT] Exception ditangkap: Borrower not verified
00:58:52 [INFO ] LoanServiceTest - [RESULT] TC-01 PASSED - Sistem berhasil menolak loan dari borrower yang belum terverifikasi KYC
]]></system-out>
  </testcase>
</testsuite>